GROUP,PACKAGE,CLASS,INSTRUCTION_MISSED,INSTRUCTION_COVERED,BRANCH_MISSED,BRANCH_COVERED,LINE_MISSED,LINE_COVERED,COMPLEXITY_MISSED,COMPLEXITY_COVERED,METHOD_MISSED,METHOD_COVERED
nacos-client 1.1.3,com.alibaba.nacos.client.config.impl,HttpSimpleClient,506,0,48,0,100,0,34,0,10,0
nacos-client 1.1.3,com.alibaba.nacos.client.config.impl,TimerService.new ThreadFactory() {...},16,0,0,0,5,0,2,0,2,0
nacos-client 1.1.3,com.alibaba.nacos.client.config.impl,EventDispatcher.AbstractEventListener,5,0,0,0,3,0,1,0,1,0
nacos-client 1.1.3,com.alibaba.nacos.client.config.impl,ServerListManager,1171,0,78,0,196,0,65,0,26,0
nacos-client 1.1.3,com.alibaba.nacos.client.config.impl,ClientWorker,1384,0,83,0,238,0,66,0,23,0
nacos-client 1.1.3,com.alibaba.nacos.client.config.impl,SpasAdapter,177,0,16,0,39,0,14,0,6,0
nacos-client 1.1.3,com.alibaba.nacos.client.config.impl,ClientWorker.new Runnable() {...},30,0,0,0,6,0,2,0,2,0
nacos-client 1.1.3,com.alibaba.nacos.client.config.impl,ClientWorker.new ThreadFactory() {...},31,0,0,0,5,0,2,0,2,0
nacos-client 1.1.3,com.alibaba.nacos.client.config.impl,ClientWorker.new ThreadFactory() {...},31,0,0,0,5,0,2,0,2,0
nacos-client 1.1.3,com.alibaba.nacos.client.config.impl,HttpSimpleClient.HttpResult,24,0,0,0,10,0,2,0,2,0
nacos-client 1.1.3,com.alibaba.nacos.client.config.impl,CacheData.new Runnable() {...},239,0,2,0,26,0,3,0,2,0
nacos-client 1.1.3,com.alibaba.nacos.client.config.impl,ServerAddressIterator.RandomizedServerAddress,43,0,2,0,12,0,4,0,3,0
nacos-client 1.1.3,com.alibaba.nacos.client.config.impl,EventDispatcher.AbstractEvent,5,0,0,0,2,0,2,0,2,0
nacos-client 1.1.3,com.alibaba.nacos.client.config.impl,CacheData,549,0,44,0,103,0,47,0,25,0
nacos-client 1.1.3,com.alibaba.nacos.client.config.impl,ClientWorker.LongPollingRunnable,236,0,16,0,48,0,10,0,2,0
nacos-client 1.1.3,com.alibaba.nacos.client.config.impl,TimerService,16,0,0,0,4,0,3,0,3,0
nacos-client 1.1.3,com.alibaba.nacos.client.config.impl,LocalConfigInfoProcessor,447,0,42,0,88,0,31,0,10,0
nacos-client 1.1.3,com.alibaba.nacos.client.config.impl,ServerListManager.GetServerListTask,38,0,0,0,8,0,2,0,2,0
nacos-client 1.1.3,com.alibaba.nacos.client.config.impl,Limiter,67,0,4,0,23,0,5,0,3,0
nacos-client 1.1.3,com.alibaba.nacos.client.config.impl,ServerAddressIterator,49,0,2,0,11,0,5,0,4,0
nacos-client 1.1.3,com.alibaba.nacos.client.config.impl,Limiter.new Callable() {...},6,0,0,0,2,0,2,0,2,0
nacos-client 1.1.3,com.alibaba.nacos.client.config.impl,ServerListManager.new Callable() {...},14,0,0,0,2,0,2,0,2,0
nacos-client 1.1.3,com.alibaba.nacos.client.config.impl,ManagerListenerWrap,50,0,6,0,15,0,7,0,4,0
nacos-client 1.1.3,com.alibaba.nacos.client.config.impl,EventDispatcher,100,0,12,0,28,0,11,0,5,0
nacos-client 1.1.3,com.alibaba.nacos.client.config.impl,EventDispatcher.ServerlistChangeEvent,3,0,0,0,1,0,1,0,1,0
nacos-client 1.1.3,com.alibaba.nacos.client.naming.beat,BeatReactor.BeatTask,2,44,1,3,0,9,1,3,0,2
nacos-client 1.1.3,com.alibaba.nacos.client.naming.beat,BeatInfo,18,51,0,0,6,23,6,14,6,14
nacos-client 1.1.3,com.alibaba.nacos.client.naming.beat,BeatReactor.new ThreadFactory() {...},0,19,0,0,0,5,0,2,0,2
nacos-client 1.1.3,com.alibaba.nacos.client.naming.beat,BeatReactor,1,116,1,1,1,19,1,5,0,5
nacos-client 1.1.3,com.alibaba.nacos.client.config,NacosConfigService,830,0,36,0,148,0,32,0,14,0
nacos-client 1.1.3,com.alibaba.nacos.client.config,NacosConfigService.new Callable() {...},16,0,2,0,3,0,3,0,2,0
nacos-client 1.1.3,com.alibaba.nacos.client.config,NacosConfigService.new Callable() {...},8,0,0,0,2,0,2,0,2,0
nacos-client 1.1.3,com.alibaba.nacos.client.config.common,GroupKey,267,0,32,0,61,0,22,0,6,0
nacos-client 1.1.3,com.alibaba.nacos.client.config.http,ServerHttpAgent.new Callable() {...},8,0,0,0,2,0,2,0,2,0
nacos-client 1.1.3,com.alibaba.nacos.client.config.http,ServerHttpAgent.new TypeReference() {...},6,0,0,0,1,0,1,0,1,0
nacos-client 1.1.3,com.alibaba.nacos.client.config.http,ServerHttpAgent.STSCredential,60,0,0,0,6,0,6,0,6,0
nacos-client 1.1.3,com.alibaba.nacos.client.config.http,ServerHttpAgent,789,0,74,0,186,0,58,0,21,0
nacos-client 1.1.3,com.alibaba.nacos.client.config.http,MetricsHttpAgent,131,0,0,0,36,0,9,0,9,0
nacos-client 1.1.3,com.alibaba.nacos.client.monitor,MetricsMonitor,76,67,0,0,5,7,5,2,5,2
nacos-client 1.1.3,com.alibaba.nacos.client.identify,Base64,2004,0,110,0,162,0,72,0,16,0
nacos-client 1.1.3,com.alibaba.nacos.client.identify,CredentialService,175,0,30,0,51,0,30,0,15,0
nacos-client 1.1.3,com.alibaba.nacos.client.identify,CredentialWatcher,414,0,64,0,93,0,36,0,4,0
nacos-client 1.1.3,com.alibaba.nacos.client.identify,Credentials,96,0,28,0,21,0,24,0,10,0
nacos-client 1.1.3,com.alibaba.nacos.client.identify,CredentialWatcher.new TimerTask() {...},76,0,8,0,20,0,6,0,2,0
nacos-client 1.1.3,com.alibaba.nacos.client.identify,STSConfig,122,0,18,0,38,0,22,0,13,0
nacos-client 1.1.3,com.alibaba.nacos.client.identify,Constants,3,0,0,0,1,0,1,0,1,0
nacos-client 1.1.3,com.alibaba.nacos.client.identify,STSConfig.Singleton,9,0,0,0,2,0,2,0,2,0
nacos-client 1.1.3,com.alibaba.nacos.client.config.filter.impl,ConfigFilterChainManager.VirtualFilterChain,36,0,2,0,9,0,3,0,2,0
nacos-client 1.1.3,com.alibaba.nacos.client.config.filter.impl,ConfigFilterChainManager,66,0,10,0,17,0,8,0,3,0
nacos-client 1.1.3,com.alibaba.nacos.client.config.filter.impl,ConfigResponse,73,0,0,0,17,0,11,0,11,0
nacos-client 1.1.3,com.alibaba.nacos.client.config.filter.impl,ConfigRequest,73,0,0,0,17,0,11,0,11,0
nacos-client 1.1.3,com.alibaba.nacos.client.config.filter.impl,ConfigContext,20,0,0,0,5,0,3,0,3,0
nacos-client 1.1.3,com.alibaba.nacos.client.naming.core,Balancer,69,0,8,0,17,0,7,0,3,0
nacos-client 1.1.3,com.alibaba.nacos.client.naming.core,Balancer.RandomByWeight,46,0,4,0,9,0,5,0,3,0
nacos-client 1.1.3,com.alibaba.nacos.client.naming.core,EventDispatcher.new ThreadFactory() {...},17,0,0,0,4,0,2,0,2,0
nacos-client 1.1.3,com.alibaba.nacos.client.naming.core,ProtectMode,13,0,0,0,6,0,3,0,3,0
nacos-client 1.1.3,com.alibaba.nacos.client.naming.core,EventDispatcher,173,0,14,0,40,0,13,0,6,0
nacos-client 1.1.3,com.alibaba.nacos.client.naming.core,PushReceiver,170,0,6,0,28,0,6,0,3,0
nacos-client 1.1.3,com.alibaba.nacos.client.naming.core,HostReactor.UpdateTask,104,0,4,0,20,0,4,0,2,0
nacos-client 1.1.3,com.alibaba.nacos.client.naming.core,HostReactor,753,0,62,0,139,0,42,0,11,0
nacos-client 1.1.3,com.alibaba.nacos.client.naming.core,HostReactor.new ThreadFactory() {...},19,0,0,0,5,0,2,0,2,0
nacos-client 1.1.3,com.alibaba.nacos.client.naming.core,PushReceiver.PushPacket,3,0,0,0,1,0,1,0,1,0
nacos-client 1.1.3,com.alibaba.nacos.client.naming.core,EventDispatcher.Notifier,79,0,6,0,18,0,5,0,2,0
nacos-client 1.1.3,com.alibaba.nacos.client.naming.core,PushReceiver.new ThreadFactory() {...},19,0,0,0,5,0,2,0,2,0
nacos-client 1.1.3,com.alibaba.nacos.client.logging.logback,LogbackNacosLogging,14,24,1,1,5,5,1,2,0,2
nacos-client 1.1.3,com.alibaba.nacos.client.naming.utils,IoUtils,391,0,58,0,90,0,41,0,12,0
nacos-client 1.1.3,com.alibaba.nacos.client.naming.utils,RandomUtils,46,0,0,0,14,0,14,0,14,0
nacos-client 1.1.3,com.alibaba.nacos.client.naming.utils,InitUtils.new Runnable() {...},44,0,2,0,5,0,3,0,2,0
nacos-client 1.1.3,com.alibaba.nacos.client.naming.utils,InitUtils.new Callable() {...},5,0,0,0,2,0,2,0,2,0
nacos-client 1.1.3,com.alibaba.nacos.client.naming.utils,InitUtils.new Callable() {...},5,0,0,0,2,0,2,0,2,0
nacos-client 1.1.3,com.alibaba.nacos.client.naming.utils,InitUtils.new Callable() {...},11,0,0,0,2,0,2,0,2,0
nacos-client 1.1.3,com.alibaba.nacos.client.naming.utils,InitUtils.new Callable() {...},18,0,0,0,4,0,2,0,2,0
nacos-client 1.1.3,com.alibaba.nacos.client.naming.utils,InitUtils.new Callable() {...},18,0,0,0,4,0,2,0,2,0
nacos-client 1.1.3,com.alibaba.nacos.client.naming.utils,InitUtils.new Callable() {...},18,0,0,0,4,0,2,0,2,0
nacos-client 1.1.3,com.alibaba.nacos.client.naming.utils,ThreadLocalRandom.new ThreadLocal() {...},7,0,0,0,2,0,2,0,2,0
nacos-client 1.1.3,com.alibaba.nacos.client.naming.utils,ThreadLocalRandom.new Thread() {...},19,0,0,0,4,0,2,0,2,0
nacos-client 1.1.3,com.alibaba.nacos.client.naming.utils,Chooser,196,0,34,0,54,0,26,0,9,0
nacos-client 1.1.3,com.alibaba.nacos.client.naming.utils,ThreadLocalRandom,263,0,28,0,66,0,27,0,13,0
nacos-client 1.1.3,com.alibaba.nacos.client.naming.utils,InitUtils,126,0,14,0,35,0,11,0,4,0
nacos-client 1.1.3,com.alibaba.nacos.client.naming.utils,GenericPoller,34,0,0,0,7,0,3,0,3,0
nacos-client 1.1.3,com.alibaba.nacos.client.naming.utils,SignUtil.SigningAlgorithm,28,0,0,0,4,0,4,0,4,0
nacos-client 1.1.3,com.alibaba.nacos.client.naming.utils,CollectionUtils,130,0,20,0,34,0,17,0,7,0
nacos-client 1.1.3,com.alibaba.nacos.client.naming.utils,SignUtil,68,0,0,0,14,0,4,0,4,0
nacos-client 1.1.3,com.alibaba.nacos.client.naming.utils,UtilAndComs,5,59,2,2,1,9,3,1,1,1
nacos-client 1.1.3,com.alibaba.nacos.client.naming.utils,JvmRandom,126,0,12,0,35,0,20,0,14,0
nacos-client 1.1.3,com.alibaba.nacos.client.naming.utils,Pair,15,0,0,0,6,0,3,0,3,0
nacos-client 1.1.3,com.alibaba.nacos.client.naming.utils,Chooser.Ref,216,0,32,0,52,0,20,0,4,0
nacos-client 1.1.3,com.alibaba.nacos.client.naming.utils,NetUtils,20,0,2,0,7,0,3,0,2,0
nacos-client 1.1.3,com.alibaba.nacos.client.naming.net,NamingProxy,1426,0,67,0,260,0,64,0,30,0
nacos-client 1.1.3,com.alibaba.nacos.client.naming.net,HttpClient.HttpResult,18,0,0,0,6,0,2,0,2,0
nacos-client 1.1.3,com.alibaba.nacos.client.naming.net,NamingProxy.new Callable() {...},8,0,0,0,2,0,2,0,2,0
nacos-client 1.1.3,com.alibaba.nacos.client.naming.net,NamingProxy.new TypeReference() {...},6,0,0,0,1,0,1,0,1,0
nacos-client 1.1.3,com.alibaba.nacos.client.naming.net,NamingProxy.new Object() {...},19,0,0,0,1,0,1,0,1,0
nacos-client 1.1.3,com.alibaba.nacos.client.naming.net,NamingProxy.new Callable() {...},8,0,0,0,2,0,2,0,2,0
nacos-client 1.1.3,com.alibaba.nacos.client.naming.net,NamingProxy.new Runnable() {...},10,0,0,0,3,0,2,0,2,0
nacos-client 1.1.3,com.alibaba.nacos.client.naming.net,NamingProxy.new ThreadFactory() {...},19,0,0,0,5,0,2,0,2,0
nacos-client 1.1.3,com.alibaba.nacos.client.naming.net,HttpClient,412,0,48,0,87,0,33,0,9,0
nacos-client 1.1.3,com.alibaba.nacos.client.logging.log4j2,Log4J2NacosLogging,117,0,8,0,26,0,8,0,4,0
nacos-client 1.1.3,com.alibaba.nacos.client.config.listener.impl,PropertiesListener,38,0,2,0,11,0,4,0,3,0
nacos-client 1.1.3,com.alibaba.nacos.client.utils,TenantUtil,29,0,4,0,11,0,6,0,4,0
nacos-client 1.1.3,com.alibaba.nacos.client.utils,AppNameUtils,84,0,20,0,29,0,15,0,5,0
nacos-client 1.1.3,com.alibaba.nacos.client.utils,JSONUtils,26,0,0,0,7,0,5,0,5,0
nacos-client 1.1.3,com.alibaba.nacos.client.utils,ParamUtil.new Callable() {...},6,0,0,0,2,0,2,0,2,0
nacos-client 1.1.3,com.alibaba.nacos.client.utils,StringUtils,216,142,42,29,61,28,33,19,5,8
nacos-client 1.1.3,com.alibaba.nacos.client.utils,ParamUtil,242,0,18,0,81,0,27,0,18,0
nacos-client 1.1.3,com.alibaba.nacos.client.utils,IPUtil,30,0,2,0,9,0,6,0,5,0
nacos-client 1.1.3,com.alibaba.nacos.client.utils,EnvUtil,139,0,26,0,42,0,20,0,7,0
nacos-client 1.1.3,com.alibaba.nacos.client.utils,LogUtils,27,27,1,1,10,12,3,1,2,1
nacos-client 1.1.3,com.alibaba.nacos.client.utils,TemplateUtils,45,0,6,0,17,0,7,0,4,0
nacos-client 1.1.3,com.alibaba.nacos.client.logging,AbstractNacosLogging,8,43,6,4,2,12,5,4,0,4
nacos-client 1.1.3,com.alibaba.nacos.client.naming.cache,DiskCache,283,0,44,0,64,0,27,0,5,0
nacos-client 1.1.3,com.alibaba.nacos.client.naming.cache,ConcurrentDiskUtil,363,0,34,0,89,0,24,0,7,0
nacos-client 1.1.3,com.alibaba.nacos.client.naming.backups,FailoverReactor,104,0,2,0,22,0,6,0,5,0
nacos-client 1.1.3,com.alibaba.nacos.client.naming.backups,FailoverReactor.new Runnable() {...},54,0,8,0,11,0,6,0,2,0
nacos-client 1.1.3,com.alibaba.nacos.client.naming.backups,FailoverReactor.new ThreadFactory() {...},19,0,0,0,5,0,2,0,2,0
nacos-client 1.1.3,com.alibaba.nacos.client.naming.backups,FailoverReactor.FailoverFileReader,175,0,24,0,39,0,14,0,2,0
nacos-client 1.1.3,com.alibaba.nacos.client.naming.backups,FailoverReactor.DiskFileWriter,59,0,12,0,13,0,8,0,2,0
nacos-client 1.1.3,com.alibaba.nacos.client.naming.backups,FailoverReactor.SwitchRefresher,142,0,12,0,30,0,8,0,2,0
nacos-client 1.1.3,com.alibaba.nacos.client.config.utils,ParamUtils,299,0,70,0,62,0,48,0,13,0
nacos-client 1.1.3,com.alibaba.nacos.client.config.utils,SnapShotSwitch,13,0,0,0,6,0,4,0,4,0
nacos-client 1.1.3,com.alibaba.nacos.client.config.utils,MD5,252,0,12,0,39,0,15,0,9,0
nacos-client 1.1.3,com.alibaba.nacos.client.config.utils,JVMUtil,27,0,2,0,9,0,4,0,3,0
nacos-client 1.1.3,com.alibaba.nacos.client.config.utils,ContentUtils,107,0,20,0,24,0,16,0,6,0
nacos-client 1.1.3,com.alibaba.nacos.client.config.utils,ConcurrentDiskUtil,343,0,34,0,96,0,25,0,8,0
nacos-client 1.1.3,com.alibaba.nacos.client.config.utils,IOUtils,221,0,30,0,54,0,24,0,9,0
nacos-client 1.1.3,com.alibaba.nacos.client.naming,NacosNamingService,778,0,48,0,162,0,86,0,62,0
nacos-client 1.1.3,com.alibaba.nacos.client.naming,NacosNamingMaintainService,210,0,2,0,63,0,19,0,18,0
