<?xml version="1.0" encoding="UTF-8"?>
<testsuite xmlns:xsi="http://www.w3.org/2001/XMLSchema-instance" xsi:noNamespaceSchemaLocation="https://maven.apache.org/surefire/maven-surefire-plugin/xsd/surefire-test-report.xsd" name="com.alibaba.nacos.core.env.NacosDefaultPropertySourceEnvironmentPostProcessorTest" time="2.426" tests="3" errors="0" skipped="0" failures="0">
  <properties>
[...]
</properties>
  <testcase name="testNacosDefaultPropertySourcePresent" classname="com.alibaba.nacos.core.env.NacosDefaultPropertySourceEnvironmentPostProcessorTest" time="0.007"/>
  <testcase name="testDefaultProperties" classname="com.alibaba.nacos.core.env.NacosDefaultPropertySourceEnvironmentPostProcessorTest" time="0"/>
  <testcase name="testDefaultPropertyNames" classname="com.alibaba.nacos.core.env.NacosDefaultPropertySourceEnvironmentPostProcessorTest" time="0"/>
</testsuite>